<?xml version="1.0" encoding="UTF-8"?>
<!-- Generated by org.testng.reporters.JUnitXMLReporter -->
<testsuite hostname="DESKTOP-5LGAA3J" ignored="1" name="Default test" tests="1" failures="0" timestamp="05 九月 2019 11:59:25 GMT" time="3.558" errors="0">
  <testcase name="test02_Create" time="2.751" classname="com.anthony.cases.CreateTest"/>
  <testcase name="test01_Create" time="0.0" classname="com.anthony.cases.CreateTest">
    <ignored/>
  </testcase> <!-- test01_Create -->
</testsuite> <!-- Default test -->
