<?xml version="1.0" encoding="UTF-8"?>
<!-- Generated by org.testng.reporters.JUnitXMLReporter -->
<testsuite hostname="DESKTOP-5LGAA3J" ignored="0" name="API automation test" tests="3" failures="0" timestamp="05 Sep 2019 15:28:38 GMT" time="28.474" errors="0">
  <testcase name="test01_Create" time="3.52" classname="com.anthony.cases.CreateTest"/>
  <testcase name="test02_Create" time="9.469" classname="com.anthony.cases.CreateTest"/>
  <testcase name="test01_ListUsers" time="14.45" classname="com.anthony.cases.ListUsersTest"/>
</testsuite> <!-- API automation test -->
