<?xml version="1.0" encoding="UTF-8"?>
<testng-results skipped="0" failed="0" ignored="0" total="3" passed="3">
  <reporter-output>
  </reporter-output>
  <suite name="AnthonyAuto" duration-ms="28474" started-at="2019-09-05T15:28:09Z" finished-at="2019-09-05T15:28:38Z">
    <groups>
    </groups>
    <test name="API automation test" duration-ms="28474" started-at="2019-09-05T15:28:09Z" finished-at="2019-09-05T15:28:38Z">
      <class name="com.anthony.cases.ListUsersTest">
        <test-method status="PASS" signature="setup()[pri:0, instance:com.anthony.cases.ListUsersTest@490ab905]" name="setup" is-config="true" duration-ms="9" started-at="2019-09-05T15:28:23Z" finished-at="2019-09-05T15:28:23Z">
          <reporter-output>
          </reporter-output>
        </test-method> <!-- setup -->
        <test-method status="PASS" signature="test01_ListUsers()[pri:0, instance:com.anthony.cases.ListUsersTest@490ab905]" name="test01_ListUsers" duration-ms="14450" started-at="2019-09-05T15:28:23Z" finished-at="2019-09-05T15:28:38Z">
          <reporter-output>
          </reporter-output>
        </test-method> <!-- test01_ListUsers -->
        <test-method status="PASS" signature="afterTest()[pri:0, instance:com.anthony.cases.ListUsersTest@490ab905]" name="afterTest" is-config="true" duration-ms="8" started-at="2019-09-05T15:28:38Z" finished-at="2019-09-05T15:28:38Z">
          <reporter-output>
          </reporter-output>
        </test-method> <!-- afterTest -->
      </class> <!-- com.anthony.cases.ListUsersTest -->
      <class name="com.anthony.cases.CreateTest">
        <test-method status="PASS" signature="setup()[pri:0, instance:com.anthony.cases.CreateTest@1e397ed7]" name="setup" is-config="true" duration-ms="672" started-at="2019-09-05T15:28:10Z" finished-at="2019-09-05T15:28:10Z">
          <reporter-output>
          </reporter-output>
        </test-method> <!-- setup -->
        <test-method status="PASS" signature="test01_Create()[pri:0, instance:com.anthony.cases.CreateTest@1e397ed7]" name="test01_Create" duration-ms="3520" started-at="2019-09-05T15:28:10Z" finished-at="2019-09-05T15:28:14Z">
          <reporter-output>
          </reporter-output>
        </test-method> <!-- test01_Create -->
        <test-method status="PASS" signature="test02_Create()[pri:0, instance:com.anthony.cases.CreateTest@1e397ed7]" name="test02_Create" duration-ms="9469" started-at="2019-09-05T15:28:14Z" finished-at="2019-09-05T15:28:23Z">
          <reporter-output>
          </reporter-output>
        </test-method> <!-- test02_Create -->
        <test-method status="PASS" signature="afterTest()[pri:0, instance:com.anthony.cases.CreateTest@1e397ed7]" name="afterTest" is-config="true" duration-ms="9" started-at="2019-09-05T15:28:23Z" finished-at="2019-09-05T15:28:23Z">
          <reporter-output>
          </reporter-output>
        </test-method> <!-- afterTest -->
      </class> <!-- com.anthony.cases.CreateTest -->
    </test> <!-- API automation test -->
  </suite> <!-- AnthonyAuto -->
</testng-results>
